TN:
SF:src/calculator.ts
FN:4,Calculator
FN:8,set
FN:12,clear
FN:16,add
FN:20,subtract
FN:24,multiply
FN:28,divide
FNF:7
FNH:7
FNDA:9,Calculator
FNDA:8,set
FNDA:1,clear
FNDA:1,add
FNDA:1,subtract
FNDA:1,multiply
FNDA:3,divide
DA:1,1
DA:2,1
DA:3,1
DA:4,1
DA:5,9
DA:6,9
DA:7,1
DA:8,1
DA:9,8
DA:10,8
DA:11,1
DA:12,1
DA:13,1
DA:14,1
DA:15,1
DA:16,1
DA:17,1
DA:18,1
DA:19,1
DA:20,1
DA:21,1
DA:22,1
DA:23,1
DA:24,1
DA:25,1
DA:26,1
DA:27,1
DA:28,1
DA:29,3
DA:30,3
DA:31,1
DA:32,1
DA:33,1
LF:33
LH:33
BRDA:4,0,0,9
BRDA:8,1,0,8
BRDA:12,2,0,1
BRDA:16,3,0,1
BRDA:20,4,0,1
BRDA:24,5,0,1
BRDA:28,6,0,3
BRF:7
BRH:7
end_of_record
