TN:
SF:src/calculator.ts
FN:4,Calculator
FN:8,set
FN:12,clear
FN:16,add
FN:20,subtract
FN:24,multiply
FN:28,divide
FNF:7
FNH:1
FNDA:1,Calculator
FNDA:0,set
FNDA:0,clear
FNDA:0,add
FNDA:0,subtract
FNDA:0,multiply
FNDA:0,divide
DA:1,1
DA:2,1
DA:3,1
DA:4,1
DA:5,1
DA:6,1
DA:7,1
DA:8,1
DA:9,0
DA:10,0
DA:11,1
DA:12,1
DA:13,0
DA:14,0
DA:15,1
DA:16,1
DA:17,0
DA:18,0
DA:19,1
DA:20,1
DA:21,0
DA:22,0
DA:23,1
DA:24,1
DA:25,0
DA:26,0
DA:27,1
DA:28,1
DA:29,0
DA:30,0
DA:31,1
DA:32,1
DA:33,1
LF:33
LH:21
BRDA:4,0,0,1
BRF:1
BRH:1
end_of_record
